07:52:41.601 [HikariPool-1 housekeeper] WARN  com.zaxxer.hikari.pool.HikariPool - HikariPool-1 - Thread starvation or clock leap detected (housekeeper delta=8h21m45s71ms118µs600ns).
08:18:59.272 [main] INFO  o.s.b.t.c.SpringBootTestContextBootstrapper - Neither @ContextConfiguration nor @ContextHierarchy found for test class [com.revature.ReservationServiceApplicationTests], using SpringBootContextLoader
08:18:59.277 [main] INFO  o.s.t.c.s.AbstractContextLoader - Could not detect default resource locations for test class [com.revature.ReservationServiceApplicationTests]: no resource found for suffixes {-context.xml, Context.groovy}.
08:18:59.278 [main] INFO  o.s.t.c.s.AnnotationConfigContextLoaderUtils - Could not detect default configuration classes for test class [com.revature.ReservationServiceApplicationTests]: ReservationServiceApplicationTests does not declare any static, non-private, non-final, nested classes annotated with @Configuration.
08:18:59.377 [main] INFO  o.s.b.t.c.SpringBootTestContextBootstrapper - Found @SpringBootConfiguration com.revature.ReservationServiceApplication for test class com.revature.ReservationServiceApplicationTests
08:18:59.486 [main] INFO  o.s.b.t.c.SpringBootTestContextBootstrapper - Loaded default TestExecutionListener class names from location [META-INF/spring.factories]: [org.springframework.boot.test.mock.mockito.MockitoTestExecutionListener, org.springframework.boot.test.mock.mockito.ResetMocksTestExecutionListener, org.springframework.boot.test.autoconfigure.restdocs.RestDocsTestExecutionListener, org.springframework.boot.test.autoconfigure.web.client.MockRestServiceServerResetTestExecutionListener, org.springframework.boot.test.autoconfigure.web.servlet.MockMvcPrintOnlyOnFailureTestExecutionListener, org.springframework.boot.test.autoconfigure.web.servlet.WebDriverTestExecutionListener, org.springframework.boot.test.autoconfigure.webservices.client.MockWebServiceServerTestExecutionListener, org.springframework.test.context.web.ServletTestExecutionListener, org.springframework.test.context.support.DirtiesContextBeforeModesTestExecutionListener, org.springframework.test.context.event.ApplicationEventsTestExecutionListener, org.springframework.test.context.support.DependencyInjectionTestExecutionListener, org.springframework.test.context.support.DirtiesContextTestExecutionListener, org.springframework.test.context.transaction.TransactionalTestExecutionListener, org.springframework.test.context.jdbc.SqlScriptsTestExecutionListener, org.springframework.test.context.event.EventPublishingTestExecutionListener]
08:18:59.501 [main] INFO  o.s.b.t.c.SpringBootTestContextBootstrapper - Using TestExecutionListeners: [org.springframework.test.context.web.ServletTestExecutionListener@4e76dac, org.springframework.test.context.support.DirtiesContextBeforeModesTestExecutionListener@611df6e3, org.springframework.test.context.event.ApplicationEventsTestExecutionListener@5f2f577, org.springframework.boot.test.mock.mockito.MockitoTestExecutionListener@6273c5a4, org.springframework.boot.test.autoconfigure.SpringBootDependencyInjectionTestExecutionListener@5d465e4b, org.springframework.test.context.support.DirtiesContextTestExecutionListener@53e211ee, org.springframework.test.context.transaction.TransactionalTestExecutionListener@41a90fa8, org.springframework.test.context.jdbc.SqlScriptsTestExecutionListener@3d8bbcdc, org.springframework.test.context.event.EventPublishingTestExecutionListener@52500920, org.springframework.boot.test.mock.mockito.ResetMocksTestExecutionListener@117e0fe5, org.springframework.boot.test.autoconfigure.restdocs.RestDocsTestExecutionListener@18a3962d, org.springframework.boot.test.autoconfigure.web.client.MockRestServiceServerResetTestExecutionListener@78aea4b9, org.springframework.boot.test.autoconfigure.web.servlet.MockMvcPrintOnlyOnFailureTestExecutionListener@2a65bb85, org.springframework.boot.test.autoconfigure.web.servlet.WebDriverTestExecutionListener@4b85880b, org.springframework.boot.test.autoconfigure.webservices.client.MockWebServiceServerTestExecutionListener@4f936da8]
08:18:59.815 [main] INFO  c.r.ReservationServiceApplicationTests - Starting ReservationServiceApplicationTests using Java 17.0.2 on BLearned with PID 12960 (started by blear in C:\Users\blear\Documents\workspace-spring-tool-suite-4-4.14.0.RELEASE\ReservationService)
08:18:59.816 [main] INFO  c.r.ReservationServiceApplicationTests - No active profile set, falling back to 1 default profile: "default"
08:18:59.817 [background-preinit] INFO  o.h.validator.internal.util.Version - HV000001: Hibernate Validator 6.2.3.Final
08:19:00.612 [main] INFO  o.s.d.r.c.RepositoryConfigurationDelegate - Bootstrapping Spring Data JPA repositories in DEFAULT mode.
08:19:00.667 [main] INFO  o.s.d.r.c.RepositoryConfigurationDelegate - Finished Spring Data repository scanning in 45 ms. Found 1 JPA repository interfaces.
08:19:01.448 [main] INFO  o.h.jpa.internal.util.LogHelper - HHH000204: Processing PersistenceUnitInfo [name: default]
08:19:01.524 [main] INFO  org.hibernate.Version - HHH000412: Hibernate ORM core version 5.6.8.Final
08:19:01.727 [main] INFO  o.h.annotations.common.Version - HCANN000001: Hibernate Commons Annotations {5.1.2.Final}
08:19:01.889 [main] INFO  com.zaxxer.hikari.HikariDataSource - HikariPool-1 - Starting...
08:19:02.113 [main] INFO  com.zaxxer.hikari.HikariDataSource - HikariPool-1 - Start completed.
08:19:02.152 [main] INFO  org.hibernate.dialect.Dialect - HHH000400: Using dialect: org.hibernate.dialect.PostgreSQL10Dialect
08:19:02.863 [main] INFO  o.h.e.t.j.p.i.JtaPlatformInitiator - HHH000490: Using JtaPlatform implementation: [org.hibernate.engine.transaction.jta.platform.internal.NoJtaPlatform]
08:19:02.873 [main] INFO  o.s.o.j.LocalContainerEntityManagerFactoryBean - Initialized JPA EntityManagerFactory for persistence unit 'default'
08:19:03.629 [main] INFO  o.a.c.w.s.f.ReflectionServiceFactoryBean - Creating Service {http://service.revature.com/}RoomServiceImplService from WSDL: http://localhost:8080/soap-service/room-service?wsdl
08:19:03.690 [main] WARN  o.a.c.w.s.f.ReflectionServiceFactoryBean - No method was found for the WSDL operation {http://service.revature.com/}deleteById.
08:19:03.690 [main] WARN  o.a.c.w.s.f.ReflectionServiceFactoryBean - No method was found for the WSDL operation {http://service.revature.com/}save.
08:19:03.692 [main] WARN  o.a.c.w.s.f.ReflectionServiceFactoryBean - No method was found for the WSDL operation {http://service.revature.com/}findByRoomName.
08:19:03.696 [main] WARN  o.a.c.w.s.f.ReflectionServiceFactoryBean - No method was found for the WSDL operation {http://service.revature.com/}receiveMessage.
08:19:04.667 [main] WARN  o.s.b.a.o.j.JpaBaseConfiguration$JpaWebConfiguration - spring.jpa.open-in-view is enabled by default. Therefore, database queries may be performed during view rendering. Explicitly configure spring.jpa.open-in-view to disable this warning
08:19:05.422 [main] INFO  c.r.ReservationServiceApplicationTests - Started ReservationServiceApplicationTests in 5.886 seconds (JVM running for 7.113)
08:19:06.584 [SpringApplicationShutdownHook] INFO  o.s.o.j.LocalContainerEntityManagerFactoryBean - Closing JPA EntityManagerFactory for persistence unit 'default'
08:19:06.586 [SpringApplicationShutdownHook] INFO  com.zaxxer.hikari.HikariDataSource - HikariPool-1 - Shutdown initiated...
08:19:06.591 [SpringApplicationShutdownHook] INFO  com.zaxxer.hikari.HikariDataSource - HikariPool-1 - Shutdown completed.
08:20:03.010 [main] INFO  o.s.b.t.c.SpringBootTestContextBootstrapper - Neither @ContextConfiguration nor @ContextHierarchy found for test class [com.revature.ReservationServiceApplicationTests], using SpringBootContextLoader
08:20:03.016 [main] INFO  o.s.t.c.s.AbstractContextLoader - Could not detect default resource locations for test class [com.revature.ReservationServiceApplicationTests]: no resource found for suffixes {-context.xml, Context.groovy}.
08:20:03.016 [main] INFO  o.s.t.c.s.AnnotationConfigContextLoaderUtils - Could not detect default configuration classes for test class [com.revature.ReservationServiceApplicationTests]: ReservationServiceApplicationTests does not declare any static, non-private, non-final, nested classes annotated with @Configuration.
08:20:03.115 [main] INFO  o.s.b.t.c.SpringBootTestContextBootstrapper - Found @SpringBootConfiguration com.revature.ReservationServiceApplication for test class com.revature.ReservationServiceApplicationTests
08:20:03.241 [main] INFO  o.s.b.t.c.SpringBootTestContextBootstrapper - Loaded default TestExecutionListener class names from location [META-INF/spring.factories]: [org.springframework.boot.test.mock.mockito.MockitoTestExecutionListener, org.springframework.boot.test.mock.mockito.ResetMocksTestExecutionListener, org.springframework.boot.test.autoconfigure.restdocs.RestDocsTestExecutionListener, org.springframework.boot.test.autoconfigure.web.client.MockRestServiceServerResetTestExecutionListener, org.springframework.boot.test.autoconfigure.web.servlet.MockMvcPrintOnlyOnFailureTestExecutionListener, org.springframework.boot.test.autoconfigure.web.servlet.WebDriverTestExecutionListener, org.springframework.boot.test.autoconfigure.webservices.client.MockWebServiceServerTestExecutionListener, org.springframework.test.context.web.ServletTestExecutionListener, org.springframework.test.context.support.DirtiesContextBeforeModesTestExecutionListener, org.springframework.test.context.event.ApplicationEventsTestExecutionListener, org.springframework.test.context.support.DependencyInjectionTestExecutionListener, org.springframework.test.context.support.DirtiesContextTestExecutionListener, org.springframework.test.context.transaction.TransactionalTestExecutionListener, org.springframework.test.context.jdbc.SqlScriptsTestExecutionListener, org.springframework.test.context.event.EventPublishingTestExecutionListener]
08:20:03.261 [main] INFO  o.s.b.t.c.SpringBootTestContextBootstrapper - Using TestExecutionListeners: [org.springframework.test.context.web.ServletTestExecutionListener@21005f6c, org.springframework.test.context.support.DirtiesContextBeforeModesTestExecutionListener@32f0fba8, org.springframework.test.context.event.ApplicationEventsTestExecutionListener@545de5a4, org.springframework.boot.test.mock.mockito.MockitoTestExecutionListener@29ef6856, org.springframework.boot.test.autoconfigure.SpringBootDependencyInjectionTestExecutionListener@ab7a938, org.springframework.test.context.support.DirtiesContextTestExecutionListener@3faf2e7d, org.springframework.test.context.transaction.TransactionalTestExecutionListener@4648ce9, org.springframework.test.context.jdbc.SqlScriptsTestExecutionListener@569bf9eb, org.springframework.test.context.event.EventPublishingTestExecutionListener@61526469, org.springframework.boot.test.mock.mockito.ResetMocksTestExecutionListener@274872f8, org.springframework.boot.test.autoconfigure.restdocs.RestDocsTestExecutionListener@76ba13c, org.springframework.boot.test.autoconfigure.web.client.MockRestServiceServerResetTestExecutionListener@eb6449b, org.springframework.boot.test.autoconfigure.web.servlet.MockMvcPrintOnlyOnFailureTestExecutionListener@7c351808, org.springframework.boot.test.autoconfigure.web.servlet.WebDriverTestExecutionListener@180e6ac4, org.springframework.boot.test.autoconfigure.webservices.client.MockWebServiceServerTestExecutionListener@42b64ab8]
08:20:03.566 [background-preinit] INFO  o.h.validator.internal.util.Version - HV000001: Hibernate Validator 6.2.3.Final
08:20:03.566 [main] INFO  c.r.ReservationServiceApplicationTests - Starting ReservationServiceApplicationTests using Java 17.0.2 on BLearned with PID 38640 (started by blear in C:\Users\blear\Documents\workspace-spring-tool-suite-4-4.14.0.RELEASE\ReservationService)
08:20:03.567 [main] INFO  c.r.ReservationServiceApplicationTests - No active profile set, falling back to 1 default profile: "default"
08:20:04.392 [main] INFO  o.s.d.r.c.RepositoryConfigurationDelegate - Bootstrapping Spring Data JPA repositories in DEFAULT mode.
08:20:04.440 [main] INFO  o.s.d.r.c.RepositoryConfigurationDelegate - Finished Spring Data repository scanning in 40 ms. Found 1 JPA repository interfaces.
08:20:05.161 [main] INFO  o.h.jpa.internal.util.LogHelper - HHH000204: Processing PersistenceUnitInfo [name: default]
08:20:05.215 [main] INFO  org.hibernate.Version - HHH000412: Hibernate ORM core version 5.6.8.Final
08:20:05.415 [main] INFO  o.h.annotations.common.Version - HCANN000001: Hibernate Commons Annotations {5.1.2.Final}
08:20:05.562 [main] INFO  com.zaxxer.hikari.HikariDataSource - HikariPool-1 - Starting...
08:20:05.674 [main] INFO  com.zaxxer.hikari.HikariDataSource - HikariPool-1 - Start completed.
08:20:05.702 [main] INFO  org.hibernate.dialect.Dialect - HHH000400: Using dialect: org.hibernate.dialect.PostgreSQL10Dialect
08:20:06.300 [main] INFO  o.h.e.t.j.p.i.JtaPlatformInitiator - HHH000490: Using JtaPlatform implementation: [org.hibernate.engine.transaction.jta.platform.internal.NoJtaPlatform]
08:20:06.310 [main] INFO  o.s.o.j.LocalContainerEntityManagerFactoryBean - Initialized JPA EntityManagerFactory for persistence unit 'default'
08:20:06.968 [main] INFO  o.a.c.w.s.f.ReflectionServiceFactoryBean - Creating Service {http://service.revature.com/}RoomServiceImplService from WSDL: http://localhost:8080/soap-service/room-service?wsdl
08:20:07.018 [main] WARN  o.a.c.w.s.f.ReflectionServiceFactoryBean - No method was found for the WSDL operation {http://service.revature.com/}deleteById.
08:20:07.019 [main] WARN  o.a.c.w.s.f.ReflectionServiceFactoryBean - No method was found for the WSDL operation {http://service.revature.com/}save.
08:20:07.021 [main] WARN  o.a.c.w.s.f.ReflectionServiceFactoryBean - No method was found for the WSDL operation {http://service.revature.com/}findByRoomName.
08:20:07.024 [main] WARN  o.a.c.w.s.f.ReflectionServiceFactoryBean - No method was found for the WSDL operation {http://service.revature.com/}receiveMessage.
08:20:07.894 [main] WARN  o.s.b.a.o.j.JpaBaseConfiguration$JpaWebConfiguration - spring.jpa.open-in-view is enabled by default. Therefore, database queries may be performed during view rendering. Explicitly configure spring.jpa.open-in-view to disable this warning
08:20:08.512 [main] INFO  c.r.ReservationServiceApplicationTests - Started ReservationServiceApplicationTests in 5.205 seconds (JVM running for 6.384)
08:20:09.578 [SpringApplicationShutdownHook] INFO  o.s.o.j.LocalContainerEntityManagerFactoryBean - Closing JPA EntityManagerFactory for persistence unit 'default'
08:20:09.579 [SpringApplicationShutdownHook] INFO  com.zaxxer.hikari.HikariDataSource - HikariPool-1 - Shutdown initiated...
08:20:09.585 [SpringApplicationShutdownHook] INFO  com.zaxxer.hikari.HikariDataSource - HikariPool-1 - Shutdown completed.
08:22:06.559 [main] INFO  o.s.b.t.c.SpringBootTestContextBootstrapper - Neither @ContextConfiguration nor @ContextHierarchy found for test class [com.revature.ReservationServiceApplicationTests], using SpringBootContextLoader
08:22:06.567 [main] INFO  o.s.t.c.s.AbstractContextLoader - Could not detect default resource locations for test class [com.revature.ReservationServiceApplicationTests]: no resource found for suffixes {-context.xml, Context.groovy}.
08:22:06.568 [main] INFO  o.s.t.c.s.AnnotationConfigContextLoaderUtils - Could not detect default configuration classes for test class [com.revature.ReservationServiceApplicationTests]: ReservationServiceApplicationTests does not declare any static, non-private, non-final, nested classes annotated with @Configuration.
08:22:06.698 [main] INFO  o.s.b.t.c.SpringBootTestContextBootstrapper - Found @SpringBootConfiguration com.revature.ReservationServiceApplication for test class com.revature.ReservationServiceApplicationTests
08:22:06.824 [main] INFO  o.s.b.t.c.SpringBootTestContextBootstrapper - Loaded default TestExecutionListener class names from location [META-INF/spring.factories]: [org.springframework.boot.test.mock.mockito.MockitoTestExecutionListener, org.springframework.boot.test.mock.mockito.ResetMocksTestExecutionListener, org.springframework.boot.test.autoconfigure.restdocs.RestDocsTestExecutionListener, org.springframework.boot.test.autoconfigure.web.client.MockRestServiceServerResetTestExecutionListener, org.springframework.boot.test.autoconfigure.web.servlet.MockMvcPrintOnlyOnFailureTestExecutionListener, org.springframework.boot.test.autoconfigure.web.servlet.WebDriverTestExecutionListener, org.springframework.boot.test.autoconfigure.webservices.client.MockWebServiceServerTestExecutionListener, org.springframework.test.context.web.ServletTestExecutionListener, org.springframework.test.context.support.DirtiesContextBeforeModesTestExecutionListener, org.springframework.test.context.event.ApplicationEventsTestExecutionListener, org.springframework.test.context.support.DependencyInjectionTestExecutionListener, org.springframework.test.context.support.DirtiesContextTestExecutionListener, org.springframework.test.context.transaction.TransactionalTestExecutionListener, org.springframework.test.context.jdbc.SqlScriptsTestExecutionListener, org.springframework.test.context.event.EventPublishingTestExecutionListener]
08:22:06.844 [main] INFO  o.s.b.t.c.SpringBootTestContextBootstrapper - Using TestExecutionListeners: [org.springframework.test.context.web.ServletTestExecutionListener@4f936da8, org.springframework.test.context.support.DirtiesContextBeforeModesTestExecutionListener@4215838f, org.springframework.test.context.event.ApplicationEventsTestExecutionListener@452ba1db, org.springframework.boot.test.mock.mockito.MockitoTestExecutionListener@2289aca5, org.springframework.boot.test.autoconfigure.SpringBootDependencyInjectionTestExecutionListener@76a36b71, org.springframework.test.context.support.DirtiesContextTestExecutionListener@184497d1, org.springframework.test.context.transaction.TransactionalTestExecutionListener@f9d87b, org.springframework.test.context.jdbc.SqlScriptsTestExecutionListener@6ffab045, org.springframework.test.context.event.EventPublishingTestExecutionListener@26fb628, org.springframework.boot.test.mock.mockito.ResetMocksTestExecutionListener@3e2943ab, org.springframework.boot.test.autoconfigure.restdocs.RestDocsTestExecutionListener@70dd7e15, org.springframework.boot.test.autoconfigure.web.client.MockRestServiceServerResetTestExecutionListener@4a9f80d3, org.springframework.boot.test.autoconfigure.web.servlet.MockMvcPrintOnlyOnFailureTestExecutionListener@35beb15e, org.springframework.boot.test.autoconfigure.web.servlet.WebDriverTestExecutionListener@41fe9859, org.springframework.boot.test.autoconfigure.webservices.client.MockWebServiceServerTestExecutionListener@5ac86ba5]
08:22:07.144 [main] INFO  c.r.ReservationServiceApplicationTests - Starting ReservationServiceApplicationTests using Java 17.0.2 on BLearned with PID 17684 (started by blear in C:\Users\blear\Documents\workspace-spring-tool-suite-4-4.14.0.RELEASE\ReservationService)
08:22:07.145 [main] INFO  c.r.ReservationServiceApplicationTests - No active profile set, falling back to 1 default profile: "default"
08:22:07.148 [background-preinit] INFO  o.h.validator.internal.util.Version - HV000001: Hibernate Validator 6.2.3.Final
08:22:07.920 [main] INFO  o.s.d.r.c.RepositoryConfigurationDelegate - Bootstrapping Spring Data JPA repositories in DEFAULT mode.
08:22:07.974 [main] INFO  o.s.d.r.c.RepositoryConfigurationDelegate - Finished Spring Data repository scanning in 46 ms. Found 1 JPA repository interfaces.
08:22:08.698 [main] INFO  o.h.jpa.internal.util.LogHelper - HHH000204: Processing PersistenceUnitInfo [name: default]
08:22:08.749 [main] INFO  org.hibernate.Version - HHH000412: Hibernate ORM core version 5.6.8.Final
08:22:08.921 [main] INFO  o.h.annotations.common.Version - HCANN000001: Hibernate Commons Annotations {5.1.2.Final}
08:22:09.063 [main] INFO  com.zaxxer.hikari.HikariDataSource - HikariPool-1 - Starting...
08:22:09.188 [main] INFO  com.zaxxer.hikari.HikariDataSource - HikariPool-1 - Start completed.
08:22:09.220 [main] INFO  org.hibernate.dialect.Dialect - HHH000400: Using dialect: org.hibernate.dialect.PostgreSQL10Dialect
08:22:09.834 [main] INFO  o.h.e.t.j.p.i.JtaPlatformInitiator - HHH000490: Using JtaPlatform implementation: [org.hibernate.engine.transaction.jta.platform.internal.NoJtaPlatform]
08:22:09.845 [main] INFO  o.s.o.j.LocalContainerEntityManagerFactoryBean - Initialized JPA EntityManagerFactory for persistence unit 'default'
08:22:10.465 [main] INFO  o.a.c.w.s.f.ReflectionServiceFactoryBean - Creating Service {http://service.revature.com/}RoomServiceImplService from WSDL: http://localhost:8080/soap-service/room-service?wsdl
08:22:10.520 [main] WARN  o.a.c.w.s.f.ReflectionServiceFactoryBean - No method was found for the WSDL operation {http://service.revature.com/}deleteById.
08:22:10.520 [main] WARN  o.a.c.w.s.f.ReflectionServiceFactoryBean - No method was found for the WSDL operation {http://service.revature.com/}save.
08:22:10.522 [main] WARN  o.a.c.w.s.f.ReflectionServiceFactoryBean - No method was found for the WSDL operation {http://service.revature.com/}findByRoomName.
08:22:10.525 [main] WARN  o.a.c.w.s.f.ReflectionServiceFactoryBean - No method was found for the WSDL operation {http://service.revature.com/}receiveMessage.
08:22:11.357 [main] WARN  o.s.b.a.o.j.JpaBaseConfiguration$JpaWebConfiguration - spring.jpa.open-in-view is enabled by default. Therefore, database queries may be performed during view rendering. Explicitly configure spring.jpa.open-in-view to disable this warning
08:22:12.006 [main] INFO  c.r.ReservationServiceApplicationTests - Started ReservationServiceApplicationTests in 5.129 seconds (JVM running for 6.471)
08:22:13.180 [SpringApplicationShutdownHook] INFO  o.s.o.j.LocalContainerEntityManagerFactoryBean - Closing JPA EntityManagerFactory for persistence unit 'default'
08:22:13.182 [SpringApplicationShutdownHook] INFO  com.zaxxer.hikari.HikariDataSource - HikariPool-1 - Shutdown initiated...
08:22:13.194 [SpringApplicationShutdownHook] INFO  com.zaxxer.hikari.HikariDataSource - HikariPool-1 - Shutdown completed.
08:22:59.703 [main] INFO  o.s.b.t.c.SpringBootTestContextBootstrapper - Neither @ContextConfiguration nor @ContextHierarchy found for test class [com.revature.ReservationServiceApplicationTests], using SpringBootContextLoader
08:22:59.711 [main] INFO  o.s.t.c.s.AbstractContextLoader - Could not detect default resource locations for test class [com.revature.ReservationServiceApplicationTests]: no resource found for suffixes {-context.xml, Context.groovy}.
08:22:59.711 [main] INFO  o.s.t.c.s.AnnotationConfigContextLoaderUtils - Could not detect default configuration classes for test class [com.revature.ReservationServiceApplicationTests]: ReservationServiceApplicationTests does not declare any static, non-private, non-final, nested classes annotated with @Configuration.
08:22:59.833 [main] INFO  o.s.b.t.c.SpringBootTestContextBootstrapper - Found @SpringBootConfiguration com.revature.ReservationServiceApplication for test class com.revature.ReservationServiceApplicationTests
08:22:59.958 [main] INFO  o.s.b.t.c.SpringBootTestContextBootstrapper - Loaded default TestExecutionListener class names from location [META-INF/spring.factories]: [org.springframework.boot.test.mock.mockito.MockitoTestExecutionListener, org.springframework.boot.test.mock.mockito.ResetMocksTestExecutionListener, org.springframework.boot.test.autoconfigure.restdocs.RestDocsTestExecutionListener, org.springframework.boot.test.autoconfigure.web.client.MockRestServiceServerResetTestExecutionListener, org.springframework.boot.test.autoconfigure.web.servlet.MockMvcPrintOnlyOnFailureTestExecutionListener, org.springframework.boot.test.autoconfigure.web.servlet.WebDriverTestExecutionListener, org.springframework.boot.test.autoconfigure.webservices.client.MockWebServiceServerTestExecutionListener, org.springframework.test.context.web.ServletTestExecutionListener, org.springframework.test.context.support.DirtiesContextBeforeModesTestExecutionListener, org.springframework.test.context.event.ApplicationEventsTestExecutionListener, org.springframework.test.context.support.DependencyInjectionTestExecutionListener, org.springframework.test.context.support.DirtiesContextTestExecutionListener, org.springframework.test.context.transaction.TransactionalTestExecutionListener, org.springframework.test.context.jdbc.SqlScriptsTestExecutionListener, org.springframework.test.context.event.EventPublishingTestExecutionListener]
08:22:59.978 [main] INFO  o.s.b.t.c.SpringBootTestContextBootstrapper - Using TestExecutionListeners: [org.springframework.test.context.web.ServletTestExecutionListener@4f936da8, org.springframework.test.context.support.DirtiesContextBeforeModesTestExecutionListener@4215838f, org.springframework.test.context.event.ApplicationEventsTestExecutionListener@452ba1db, org.springframework.boot.test.mock.mockito.MockitoTestExecutionListener@2289aca5, org.springframework.boot.test.autoconfigure.SpringBootDependencyInjectionTestExecutionListener@76a36b71, org.springframework.test.context.support.DirtiesContextTestExecutionListener@184497d1, org.springframework.test.context.transaction.TransactionalTestExecutionListener@f9d87b, org.springframework.test.context.jdbc.SqlScriptsTestExecutionListener@6ffab045, org.springframework.test.context.event.EventPublishingTestExecutionListener@26fb628, org.springframework.boot.test.mock.mockito.ResetMocksTestExecutionListener@3e2943ab, org.springframework.boot.test.autoconfigure.restdocs.RestDocsTestExecutionListener@70dd7e15, org.springframework.boot.test.autoconfigure.web.client.MockRestServiceServerResetTestExecutionListener@4a9f80d3, org.springframework.boot.test.autoconfigure.web.servlet.MockMvcPrintOnlyOnFailureTestExecutionListener@35beb15e, org.springframework.boot.test.autoconfigure.web.servlet.WebDriverTestExecutionListener@41fe9859, org.springframework.boot.test.autoconfigure.webservices.client.MockWebServiceServerTestExecutionListener@5ac86ba5]
08:23:00.293 [background-preinit] INFO  o.h.validator.internal.util.Version - HV000001: Hibernate Validator 6.2.3.Final
08:23:00.296 [main] INFO  c.r.ReservationServiceApplicationTests - Starting ReservationServiceApplicationTests using Java 17.0.2 on BLearned with PID 36844 (started by blear in C:\Users\blear\Documents\workspace-spring-tool-suite-4-4.14.0.RELEASE\ReservationService)
08:23:00.296 [main] INFO  c.r.ReservationServiceApplicationTests - No active profile set, falling back to 1 default profile: "default"
08:23:01.074 [main] INFO  o.s.d.r.c.RepositoryConfigurationDelegate - Bootstrapping Spring Data JPA repositories in DEFAULT mode.
08:23:01.134 [main] INFO  o.s.d.r.c.RepositoryConfigurationDelegate - Finished Spring Data repository scanning in 53 ms. Found 1 JPA repository interfaces.
08:23:01.867 [main] INFO  o.h.jpa.internal.util.LogHelper - HHH000204: Processing PersistenceUnitInfo [name: default]
08:23:01.920 [main] INFO  org.hibernate.Version - HHH000412: Hibernate ORM core version 5.6.8.Final
08:23:02.087 [main] INFO  o.h.annotations.common.Version - HCANN000001: Hibernate Commons Annotations {5.1.2.Final}
08:23:02.238 [main] INFO  com.zaxxer.hikari.HikariDataSource - HikariPool-1 - Starting...
08:23:02.362 [main] INFO  com.zaxxer.hikari.HikariDataSource - HikariPool-1 - Start completed.
08:23:02.402 [main] INFO  org.hibernate.dialect.Dialect - HHH000400: Using dialect: org.hibernate.dialect.PostgreSQL10Dialect
08:23:03.051 [main] INFO  o.h.e.t.j.p.i.JtaPlatformInitiator - HHH000490: Using JtaPlatform implementation: [org.hibernate.engine.transaction.jta.platform.internal.NoJtaPlatform]
08:23:03.058 [main] INFO  o.s.o.j.LocalContainerEntityManagerFactoryBean - Initialized JPA EntityManagerFactory for persistence unit 'default'
08:23:03.716 [main] INFO  o.a.c.w.s.f.ReflectionServiceFactoryBean - Creating Service {http://service.revature.com/}RoomServiceImplService from WSDL: http://localhost:8080/soap-service/room-service?wsdl
08:23:03.777 [main] WARN  o.a.c.w.s.f.ReflectionServiceFactoryBean - No method was found for the WSDL operation {http://service.revature.com/}deleteById.
08:23:03.777 [main] WARN  o.a.c.w.s.f.ReflectionServiceFactoryBean - No method was found for the WSDL operation {http://service.revature.com/}save.
08:23:03.780 [main] WARN  o.a.c.w.s.f.ReflectionServiceFactoryBean - No method was found for the WSDL operation {http://service.revature.com/}findByRoomName.
08:23:03.784 [main] WARN  o.a.c.w.s.f.ReflectionServiceFactoryBean - No method was found for the WSDL operation {http://service.revature.com/}receiveMessage.
08:23:04.652 [main] WARN  o.s.b.a.o.j.JpaBaseConfiguration$JpaWebConfiguration - spring.jpa.open-in-view is enabled by default. Therefore, database queries may be performed during view rendering. Explicitly configure spring.jpa.open-in-view to disable this warning
08:23:05.322 [main] INFO  c.r.ReservationServiceApplicationTests - Started ReservationServiceApplicationTests in 5.303 seconds (JVM running for 6.52)
08:23:06.477 [SpringApplicationShutdownHook] INFO  o.s.o.j.LocalContainerEntityManagerFactoryBean - Closing JPA EntityManagerFactory for persistence unit 'default'
08:23:06.485 [SpringApplicationShutdownHook] INFO  com.zaxxer.hikari.HikariDataSource - HikariPool-1 - Shutdown initiated...
08:23:06.492 [SpringApplicationShutdownHook] INFO  com.zaxxer.hikari.HikariDataSource - HikariPool-1 - Shutdown completed.
09:10:10.290 [http-nio-8081-exec-1] INFO  o.a.c.c.C.[Tomcat].[localhost].[/] - Initializing Spring DispatcherServlet 'dispatcherServlet'
09:10:10.291 [http-nio-8081-exec-1] INFO  o.s.web.servlet.DispatcherServlet - Initializing Servlet 'dispatcherServlet'
09:10:10.293 [http-nio-8081-exec-1] INFO  o.s.web.servlet.DispatcherServlet - Completed initialization in 2 ms
09:13:14.619 [http-nio-8081-exec-9] INFO  com.revature.util.LoggingAspect - using around advice (before) for the service layer methods
09:13:14.623 [http-nio-8081-exec-9] INFO  com.revature.util.LoggingAspect - Logging using Spring AOP. The method targeted is: save
09:13:14.841 [http-nio-8081-exec-9] INFO  com.revature.util.LoggingAspect - Logging after the save method has returned null
09:13:14.842 [http-nio-8081-exec-9] INFO  com.revature.util.LoggingAspect - Logging after: save
09:13:14.842 [http-nio-8081-exec-9] INFO  com.revature.util.LoggingAspect - using around advice (after) for the service layer methods
09:14:19.765 [http-nio-8081-exec-5] INFO  com.revature.util.LoggingAspect - using around advice (before) for the service layer methods
09:14:19.765 [http-nio-8081-exec-5] INFO  com.revature.util.LoggingAspect - Logging using Spring AOP. The method targeted is: findAll
09:14:20.070 [http-nio-8081-exec-5] INFO  com.revature.util.LoggingAspect - Logging after the findAll method has returned [Reservation [id=5, customerId=3, roomId=8, daysBooked=4, total=700.0], Reservation [id=7, customerId=4, roomId=9, daysBooked=4, total=900.0], Reservation [id=8, customerId=7, roomId=7, daysBooked=7, total=875.0]]
09:14:20.070 [http-nio-8081-exec-5] INFO  com.revature.util.LoggingAspect - Logging after: findAll
09:14:20.070 [http-nio-8081-exec-5] INFO  com.revature.util.LoggingAspect - using around advice (after) for the service layer methods
09:14:43.997 [http-nio-8081-exec-7] INFO  com.revature.util.LoggingAspect - using around advice (before) for the service layer methods
09:14:43.998 [http-nio-8081-exec-7] INFO  com.revature.util.LoggingAspect - Logging using Spring AOP. The method targeted is: findReservationById
09:14:44.027 [http-nio-8081-exec-7] INFO  com.revature.util.LoggingAspect - Logging after the findReservationById method has returned Reservation [id=8, customerId=7, roomId=7, daysBooked=7, total=875.0]
09:14:44.027 [http-nio-8081-exec-7] INFO  com.revature.util.LoggingAspect - Logging after: findReservationById
09:14:44.027 [http-nio-8081-exec-7] INFO  com.revature.util.LoggingAspect - using around advice (after) for the service layer methods
09:14:44.358 [http-nio-8081-exec-7] INFO  com.revature.util.LoggingAspect - using around advice (before) for the service layer methods
09:14:44.359 [http-nio-8081-exec-7] INFO  com.revature.util.LoggingAspect - Logging using Spring AOP. The method targeted is: delete
09:14:44.369 [http-nio-8081-exec-7] INFO  com.revature.util.LoggingAspect - Logging after the delete method has returned null
09:14:44.369 [http-nio-8081-exec-7] INFO  com.revature.util.LoggingAspect - Logging after: delete
09:14:44.369 [http-nio-8081-exec-7] INFO  com.revature.util.LoggingAspect - using around advice (after) for the service layer methods
09:15:23.444 [http-nio-8081-exec-3] INFO  com.revature.util.LoggingAspect - using around advice (before) for the service layer methods
09:15:23.444 [http-nio-8081-exec-3] INFO  com.revature.util.LoggingAspect - Logging using Spring AOP. The method targeted is: findReservationById
09:15:23.446 [http-nio-8081-exec-3] INFO  com.revature.util.LoggingAspect - Logging after the findReservationById method has returned Reservation [id=7, customerId=4, roomId=9, daysBooked=4, total=900.0]
09:15:23.447 [http-nio-8081-exec-3] INFO  com.revature.util.LoggingAspect - Logging after: findReservationById
09:15:23.447 [http-nio-8081-exec-3] INFO  com.revature.util.LoggingAspect - using around advice (after) for the service layer methods
